# JRE version: OpenJDK Runtime Environment Temurin-17.0.2+8 (17.0.2+8) (build 17.0.2+8)
# Java VM: OpenJDK 64-Bit Server VM Temurin-17.0.2+8 (17.0.2+8, mixed mode, sharing, tiered, compressed oops, compressed class ptrs, g1 gc, windows-amd64)
GC Precious Log:
 CPUs: 8 total, 8 available
 Memory: 6045M
 Large Page Support: Disabled
 NUMA Support: Disabled
 Compressed Oops: Enabled (32-bit)
 Heap Region Size: 1M
 Heap Min Capacity: 8M
 Heap Initial Capacity: 96M
 Heap Max Capacity: 1512M
 Pre-touch: Disabled
 Parallel Workers: 8
 Concurrent Workers: 2
 Concurrent Refinement Workers: 8
 Periodic GC: Disabled
Heap:
 garbage-first heap   total 51200K, used 32586K [0x00000000a1800000, 0x0000000100000000)
  region size 1024K, 6 young (6144K), 2 survivors (2048K)
 Metaspace       used 65704K, committed 66240K, reserved 1105920K
  class space    used 9216K, committed 9472K, reserved 1048576K
GC Heap History (20 events):
Event: 13.035 GC heap before
{Heap before GC invocations=11 (full 0):
 garbage-first heap   total 51200K, used 39023K [0x00000000a1800000, 0x0000000100000000)
  region size 1024K, 20 young (20480K), 2 survivors (2048K)
 Metaspace       used 40243K, committed 40640K, reserved 1089536K
  class space    used 5478K, committed 5632K, reserved 1048576K
}
Event: 13.038 GC heap after
{Heap after GC invocations=12 (full 0):
 garbage-first heap   total 51200K, used 21679K [0x00000000a1800000, 0x0000000100000000)
  region size 1024K, 3 young (3072K), 3 survivors (3072K)
 Metaspace       used 40243K, committed 40640K, reserved 1089536K
  class space    used 5478K, committed 5632K, reserved 1048576K
}
Event: 13.073 GC heap before
{Heap before GC invocations=12 (full 0):
 garbage-first heap   total 51200K, used 22703K [0x00000000a1800000, 0x0000000100000000)
  region size 1024K, 4 young (4096K), 3 survivors (3072K)
 Metaspace       used 40546K, committed 40960K, reserved 1089536K
  class space    used 5513K, committed 5696K, reserved 1048576K
}
Event: 13.077 GC heap after
{Heap after GC invocations=13 (full 0):
 garbage-first heap   total 51200K, used 21601K [0x00000000a1800000, 0x0000000100000000)
  region size 1024K, 1 young (1024K), 1 survivors (1024K)
 Metaspace       used 40546K, committed 40960K, reserved 1089536K
  class space    used 5513K, committed 5696K, reserved 1048576K
}
Event: 14.240 GC heap before
{Heap before GC invocations=13 (full 0):
 garbage-first heap   total 51200K, used 40033K [0x00000000a1800000, 0x0000000100000000)
  region size 1024K, 19 young (19456K), 1 survivors (1024K)
 Metaspace       used 45234K, committed 45696K, reserved 1089536K
  class space    used 6118K, committed 6336K, reserved 1048576K
}
Event: 14.244 GC heap after
{Heap after GC invocations=14 (full 0):
 garbage-first heap   total 51200K, used 22386K [0x00000000a1800000, 0x0000000100000000)
  region size 1024K, 2 young (2048K), 2 survivors (2048K)
 Metaspace       used 45234K, committed 45696K, reserved 1089536K
  class space    used 6118K, committed 6336K, reserved 1048576K
}
Event: 15.206 GC heap before
{Heap before GC invocations=14 (full 0):
 garbage-first heap   total 51200K, used 38770K [0x00000000a1800000, 0x0000000100000000)
  region size 1024K, 19 young (19456K), 2 survivors (2048K)
 Metaspace       used 49225K, committed 49792K, reserved 1097728K
  class space    used 6589K, committed 6848K, reserved 1048576K
}
Event: 15.209 GC heap after
{Heap after GC invocations=15 (full 0):
 garbage-first heap   total 51200K, used 23301K [0x00000000a1800000, 0x0000000100000000)
  region size 1024K, 3 young (3072K), 3 survivors (3072K)
 Metaspace       used 49225K, committed 49792K, reserved 1097728K
  class space    used 6589K, committed 6848K, reserved 1048576K
}
Event: 16.308 GC heap before
{Heap before GC invocations=15 (full 0):
 garbage-first heap   total 51200K, used 39685K [0x00000000a1800000, 0x0000000100000000)
  region size 1024K, 20 young (20480K), 3 survivors (3072K)
 Metaspace       used 53693K, committed 54208K, reserved 1097728K
  class space    used 7440K, committed 7680K, reserved 1048576K
}
Event: 16.312 GC heap after
{Heap after GC invocations=16 (full 0):
 garbage-first heap   total 51200K, used 24007K [0x00000000a1800000, 0x0000000100000000)
  region size 1024K, 2 young (2048K), 2 survivors (2048K)
 Metaspace       used 53693K, committed 54208K, reserved 1097728K
  class space    used 7440K, committed 7680K, reserved 1048576K
}
Event: 18.427 GC heap before
{Heap before GC invocations=16 (full 0):
 garbage-first heap   total 51200K, used 40391K [0x00000000a1800000, 0x0000000100000000)
  region size 1024K, 19 young (19456K), 2 survivors (2048K)
 Metaspace       used 57959K, committed 58496K, reserved 1105920K
  class space    used 8046K, committed 8320K, reserved 1048576K
}
Event: 18.432 GC heap after
{Heap after GC invocations=17 (full 0):
 garbage-first heap   total 51200K, used 25282K [0x00000000a1800000, 0x0000000100000000)
  region size 1024K, 3 young (3072K), 3 survivors (3072K)
 Metaspace       used 57959K, committed 58496K, reserved 1105920K
  class space    used 8046K, committed 8320K, reserved 1048576K
}
Event: 18.734 GC heap before
{Heap before GC invocations=17 (full 0):
 garbage-first heap   total 51200K, used 31426K [0x00000000a1800000, 0x0000000100000000)
  region size 1024K, 11 young (11264K), 3 survivors (3072K)
 Metaspace       used 59542K, committed 60096K, reserved 1105920K
  class space    used 8225K, committed 8512K, reserved 1048576K
}
Event: 18.738 GC heap after
{Heap after GC invocations=18 (full 0):
 garbage-first heap   total 51200K, used 25589K [0x00000000a1800000, 0x0000000100000000)
  region size 1024K, 2 young (2048K), 2 survivors (2048K)
 Metaspace       used 59542K, committed 60096K, reserved 1105920K
  class space    used 8225K, committed 8512K, reserved 1048576K
}
Event: 19.423 GC heap before
{Heap before GC invocations=19 (full 0):
 garbage-first heap   total 51200K, used 39925K [0x00000000a1800000, 0x0000000100000000)
  region size 1024K, 16 young (16384K), 2 survivors (2048K)
 Metaspace       used 61613K, committed 62208K, reserved 1105920K
  class space    used 8619K, committed 8896K, reserved 1048576K
}
Event: 19.427 GC heap after
{Heap after GC invocations=20 (full 0):
 garbage-first heap   total 51200K, used 26826K [0x00000000a1800000, 0x0000000100000000)
  region size 1024K, 2 young (2048K), 2 survivors (2048K)
 Metaspace       used 61613K, committed 62208K, reserved 1105920K
  class space    used 8619K, committed 8896K, reserved 1048576K
}
Event: 20.026 GC heap before
{Heap before GC invocations=20 (full 0):
 garbage-first heap   total 51200K, used 41162K [0x00000000a1800000, 0x0000000100000000)
  region size 1024K, 16 young (16384K), 2 survivors (2048K)
 Metaspace       used 63673K, committed 64256K, reserved 1105920K
  class space    used 8910K, committed 9152K, reserved 1048576K
}
Event: 20.031 GC heap after
{Heap after GC invocations=21 (full 0):
 garbage-first heap   total 51200K, used 28025K [0x00000000a1800000, 0x0000000100000000)
  region size 1024K, 2 young (2048K), 2 survivors (2048K)
 Metaspace       used 63673K, committed 64256K, reserved 1105920K
  class space    used 8910K, committed 9152K, reserved 1048576K
}
Event: 20.654 GC heap before
{Heap before GC invocations=22 (full 0):
 garbage-first heap   total 51200K, used 41337K [0x00000000a1800000, 0x0000000100000000)
  region size 1024K, 15 young (15360K), 2 survivors (2048K)
 Metaspace       used 65233K, committed 65792K, reserved 1105920K
  class space    used 9156K, committed 9408K, reserved 1048576K
}
Event: 20.658 GC heap after
{Heap after GC invocations=23 (full 0):
 garbage-first heap   total 51200K, used 29514K [0x00000000a1800000, 0x0000000100000000)
  region size 1024K, 2 young (2048K), 2 survivors (2048K)
 Metaspace       used 65233K, committed 65792K, reserved 1105920K
  class space    used 9156K, committed 9408K, reserved 1048576K
}

